
############################ annie - 06/23/23 12:20:41 EST -0500 ############################

Disk Usage Before Git Garbage Collector:
/dev/sda1                           59G  525M   55G   1% /data
Working on: /data/ccre-dam-data
Working on: /data/annie-logs
Disk Usage After Git Garbage Collector:
/dev/sda1                           59G  460M   55G   1% /data

############################ annie - 06/27/23 11:08:59 EST -0500 ############################

Disk Usage Before Git Garbage Collector:
/dev/sda1                           59G   11G   46G  19% /data
Working on: /data/ccre-dam-data

############################ annie - 06/27/23 11:19:13 EST -0500 ############################

Disk Usage Before Git Garbage Collector:
/dev/sda1                           59G   11G   46G  19% /data
Working on: /data/ccre-dam-data
Working on: /data/annie-logs
Disk Usage After Git Garbage Collector:
/dev/sda1                           59G  7.3G   49G  14% /data

############################ annie - 06/27/23 11:38:09 EST -0500 ############################

Disk Usage Before Git Garbage Collector:
/dev/sda1                           59G  7.3G   49G  14% /data
Working on: /data/ccre-dam-data

############################ annie - 06/27/23 11:41:50 EST -0500 ############################

Disk Usage Before Git Garbage Collector:
/dev/sda1                           59G  9.5G   46G  18% /data
Working on: /data/ccre-dam-data
Working on: /data/annie-logs
Disk Usage After Git Garbage Collector:
/dev/sda1                           59G  9.5G   46G  18% /data

############################ annie - 06/27/23 12:20:26 EST -0500 ############################

Disk Usage Before Git Garbage Collector:
/dev/sda1                           59G  9.6G   46G  18% /data
Working on: /data/ccre-dam-data
Working on: /data/annie-logs
Disk Usage After Git Garbage Collector:
/dev/sda1                           59G  9.5G   46G  18% /data

############################ annie - 06/27/23 18:20:27 EST -0500 ############################

Disk Usage Before Git Garbage Collector:
/dev/sda1                           59G  9.5G   46G  18% /data
Working on: /data/ccre-dam-data
Working on: /data/annie-logs
Disk Usage After Git Garbage Collector:
/dev/sda1                           59G  9.5G   46G  18% /data

############################ annie - 06/28/23 00:25:54 EST -0500 ############################

Disk Usage Before Git Garbage Collector:
/dev/sda1                           59G  9.6G   46G  18% /data
Working on: /data/ccre-dam-data
Working on: /data/annie-logs
Disk Usage After Git Garbage Collector:
/dev/sda1                           59G  9.5G   46G  18% /data

############################ annie - 06/28/23 06:20:25 EST -0500 ############################

Disk Usage Before Git Garbage Collector:
/dev/sda1                           59G  9.6G   46G  18% /data
Working on: /data/ccre-dam-data
Working on: /data/annie-logs
Disk Usage After Git Garbage Collector:
/dev/sda1                           59G  9.5G   46G  18% /data

############################ annie - 06/28/23 12:20:28 EST -0500 ############################

Disk Usage Before Git Garbage Collector:
/dev/sda1                           59G  9.6G   46G  18% /data
Working on: /data/ccre-dam-data
Working on: /data/annie-logs
Disk Usage After Git Garbage Collector:
/dev/sda1                           59G  9.5G   46G  18% /data

############################ annie - 06/28/23 18:20:27 EST -0500 ############################

Disk Usage Before Git Garbage Collector:
/dev/sda1                           59G  9.6G   46G  18% /data
Working on: /data/ccre-dam-data
Working on: /data/annie-logs
Disk Usage After Git Garbage Collector:
/dev/sda1                           59G  9.6G   46G  18% /data

############################ annie - 06/29/23 00:25:55 EST -0500 ############################

Disk Usage Before Git Garbage Collector:
/dev/sda1                           59G  9.6G   46G  18% /data
Working on: /data/ccre-dam-data
Working on: /data/annie-logs
Disk Usage After Git Garbage Collector:
/dev/sda1                           59G  9.6G   46G  18% /data

############################ annie - 06/29/23 06:20:26 EST -0500 ############################

Disk Usage Before Git Garbage Collector:
/dev/sda1                           59G  9.6G   46G  18% /data
Working on: /data/ccre-dam-data
Working on: /data/annie-logs
Disk Usage After Git Garbage Collector:
/dev/sda1                           59G  9.6G   46G  18% /data

############################ annie - 06/29/23 12:20:27 EST -0500 ############################

Disk Usage Before Git Garbage Collector:
/dev/sda1                           59G  9.6G   46G  18% /data
Working on: /data/ccre-dam-data
Working on: /data/annie-logs
Disk Usage After Git Garbage Collector:
/dev/sda1                           59G  9.6G   46G  18% /data

############################ annie - 06/29/23 18:20:27 EST -0500 ############################

Disk Usage Before Git Garbage Collector:
/dev/sda1                           59G  9.7G   46G  18% /data
Working on: /data/ccre-dam-data
Working on: /data/annie-logs
Disk Usage After Git Garbage Collector:
/dev/sda1                           59G  9.6G   46G  18% /data

############################ annie - 06/30/23 00:25:55 EST -0500 ############################

Disk Usage Before Git Garbage Collector:
/dev/sda1                           59G  9.7G   46G  18% /data
Working on: /data/ccre-dam-data
Working on: /data/annie-logs
Disk Usage After Git Garbage Collector:
/dev/sda1                           59G  9.6G   46G  18% /data

############################ annie - 06/30/23 06:20:26 EST -0500 ############################

Disk Usage Before Git Garbage Collector:
/dev/sda1                           59G  9.7G   46G  18% /data
Working on: /data/ccre-dam-data
Working on: /data/annie-logs
Disk Usage After Git Garbage Collector:
/dev/sda1                           59G  9.6G   46G  18% /data

############################ annie - 06/30/23 12:20:28 EST -0500 ############################

Disk Usage Before Git Garbage Collector:
/dev/sda1                           59G  9.7G   46G  18% /data
Working on: /data/ccre-dam-data
Working on: /data/annie-logs
Disk Usage After Git Garbage Collector:
/dev/sda1                           59G  9.6G   46G  18% /data

############################ annie - 06/30/23 18:20:28 EST -0500 ############################

Disk Usage Before Git Garbage Collector:
/dev/sda1                           59G  9.7G   46G  18% /data
Working on: /data/ccre-dam-data
Working on: /data/annie-logs
Disk Usage After Git Garbage Collector:
/dev/sda1                           59G  9.7G   46G  18% /data

############################ annie - 07/01/23 00:25:56 EST -0500 ############################

Disk Usage Before Git Garbage Collector:
/dev/sda1                           59G  9.7G   46G  18% /data
Working on: /data/ccre-dam-data
Working on: /data/annie-logs
Disk Usage After Git Garbage Collector:
/dev/sda1                           59G  9.7G   46G  18% /data

############################ annie - 07/01/23 06:20:27 EST -0500 ############################

Disk Usage Before Git Garbage Collector:
/dev/sda1                           59G  9.8G   46G  18% /data
Working on: /data/ccre-dam-data
Working on: /data/annie-logs
Disk Usage After Git Garbage Collector:
/dev/sda1                           59G  9.7G   46G  18% /data

############################ annie - 07/01/23 12:20:27 EST -0500 ############################

Disk Usage Before Git Garbage Collector:
/dev/sda1                           59G  9.7G   46G  18% /data
Working on: /data/ccre-dam-data
Working on: /data/annie-logs
Disk Usage After Git Garbage Collector:
/dev/sda1                           59G  9.7G   46G  18% /data

############################ annie - 07/01/23 18:20:27 EST -0500 ############################

Disk Usage Before Git Garbage Collector:
/dev/sda1                           59G  9.8G   46G  18% /data
Working on: /data/ccre-dam-data
Working on: /data/annie-logs
Disk Usage After Git Garbage Collector:
/dev/sda1                           59G  9.7G   46G  18% /data

############################ annie - 07/02/23 00:25:56 EST -0500 ############################

Disk Usage Before Git Garbage Collector:
/dev/sda1                           59G  9.8G   46G  18% /data
Working on: /data/ccre-dam-data
Working on: /data/annie-logs
Disk Usage After Git Garbage Collector:
/dev/sda1                           59G  9.7G   46G  18% /data

############################ annie - 07/02/23 06:20:26 EST -0500 ############################

Disk Usage Before Git Garbage Collector:
/dev/sda1                           59G  9.8G   46G  18% /data
Working on: /data/ccre-dam-data
Working on: /data/annie-logs
Disk Usage After Git Garbage Collector:
/dev/sda1                           59G  9.7G   46G  18% /data

############################ annie - 07/02/23 12:20:27 EST -0500 ############################

Disk Usage Before Git Garbage Collector:
/dev/sda1                           59G  9.8G   46G  18% /data
Working on: /data/ccre-dam-data
Working on: /data/annie-logs
Disk Usage After Git Garbage Collector:
/dev/sda1                           59G  9.8G   46G  18% /data

############################ annie - 07/02/23 18:20:27 EST -0500 ############################

Disk Usage Before Git Garbage Collector:
/dev/sda1                           59G  9.8G   46G  18% /data
Working on: /data/ccre-dam-data
Working on: /data/annie-logs
Disk Usage After Git Garbage Collector:
/dev/sda1                           59G  9.8G   46G  18% /data

############################ annie - 07/03/23 00:25:57 EST -0500 ############################

Disk Usage Before Git Garbage Collector:
/dev/sda1                           59G  9.8G   46G  18% /data
Working on: /data/ccre-dam-data
Working on: /data/annie-logs
Disk Usage After Git Garbage Collector:
/dev/sda1                           59G  9.8G   46G  18% /data

############################ annie - 07/03/23 06:20:27 EST -0500 ############################

Disk Usage Before Git Garbage Collector:
/dev/sda1                           59G  9.9G   46G  18% /data
Working on: /data/ccre-dam-data
Working on: /data/annie-logs
Disk Usage After Git Garbage Collector:
/dev/sda1                           59G  9.8G   46G  18% /data

############################ annie - 07/03/23 12:20:27 EST -0500 ############################

Disk Usage Before Git Garbage Collector:
/dev/sda1                           59G  9.9G   46G  18% /data
Working on: /data/ccre-dam-data
Working on: /data/annie-logs
Disk Usage After Git Garbage Collector:
/dev/sda1                           59G  9.8G   46G  18% /data

############################ annie - 07/03/23 18:20:27 EST -0500 ############################

Disk Usage Before Git Garbage Collector:
/dev/sda1                           59G  9.9G   46G  18% /data
Working on: /data/ccre-dam-data
Working on: /data/annie-logs
Disk Usage After Git Garbage Collector:
/dev/sda1                           59G  9.8G   46G  18% /data

############################ annie - 07/04/23 00:25:59 EST -0500 ############################

Disk Usage Before Git Garbage Collector:
/dev/sda1                           59G  9.9G   46G  18% /data
Working on: /data/ccre-dam-data
Working on: /data/annie-logs
Disk Usage After Git Garbage Collector:
/dev/sda1                           59G  9.8G   46G  18% /data

############################ annie - 07/04/23 06:20:27 EST -0500 ############################

Disk Usage Before Git Garbage Collector:
/dev/sda1                           59G  9.9G   46G  18% /data
Working on: /data/ccre-dam-data
Working on: /data/annie-logs
Disk Usage After Git Garbage Collector:
/dev/sda1                           59G  9.8G   46G  18% /data

############################ annie - 07/04/23 12:20:27 EST -0500 ############################

Disk Usage Before Git Garbage Collector:
/dev/sda1                           59G  9.9G   46G  18% /data
Working on: /data/ccre-dam-data
Working on: /data/annie-logs
Disk Usage After Git Garbage Collector:
/dev/sda1                           59G  9.9G   46G  18% /data

############################ annie - 07/04/23 18:20:27 EST -0500 ############################

Disk Usage Before Git Garbage Collector:
/dev/sda1                           59G  9.9G   46G  18% /data
Working on: /data/ccre-dam-data
Working on: /data/annie-logs
Disk Usage After Git Garbage Collector:
/dev/sda1                           59G  9.9G   46G  18% /data

############################ annie - 07/05/23 00:25:59 EST -0500 ############################

Disk Usage Before Git Garbage Collector:
/dev/sda1                           59G  9.9G   46G  18% /data
Working on: /data/ccre-dam-data
Working on: /data/annie-logs
Disk Usage After Git Garbage Collector:
/dev/sda1                           59G  9.9G   46G  18% /data

############################ annie - 07/05/23 06:20:27 EST -0500 ############################

Disk Usage Before Git Garbage Collector:
/dev/sda1                           59G   10G   46G  18% /data
Working on: /data/ccre-dam-data
Working on: /data/annie-logs
Disk Usage After Git Garbage Collector:
/dev/sda1                           59G  9.9G   46G  18% /data

############################ annie - 07/05/23 12:20:32 EST -0500 ############################

Disk Usage Before Git Garbage Collector:
/dev/sda1                           59G   10G   46G  18% /data
Working on: /data/ccre-dam-data
Working on: /data/annie-logs
Disk Usage After Git Garbage Collector:
/dev/sda1                           59G  9.9G   46G  18% /data

############################ annie - 07/05/23 18:20:28 EST -0500 ############################

Disk Usage Before Git Garbage Collector:
/dev/sda1                           59G   10G   46G  18% /data
Working on: /data/ccre-dam-data
Working on: /data/annie-logs
Disk Usage After Git Garbage Collector:
/dev/sda1                           59G  9.9G   46G  18% /data

############################ annie - 07/06/23 00:25:59 EST -0500 ############################

Disk Usage Before Git Garbage Collector:
/dev/sda1                           59G   10G   46G  18% /data
Working on: /data/ccre-dam-data
Working on: /data/annie-logs
Disk Usage After Git Garbage Collector:
/dev/sda1                           59G  9.9G   46G  18% /data

############################ annie - 07/06/23 06:20:26 EST -0500 ############################

Disk Usage Before Git Garbage Collector:
/dev/sda1                           59G   10G   46G  19% /data
Working on: /data/ccre-dam-data
Working on: /data/annie-logs
Disk Usage After Git Garbage Collector:
/dev/sda1                           59G   10G   46G  18% /data

############################ annie - 07/06/23 12:20:27 EST -0500 ############################

Disk Usage Before Git Garbage Collector:
/dev/sda1                           59G   10G   46G  18% /data
Working on: /data/ccre-dam-data
Working on: /data/annie-logs
Disk Usage After Git Garbage Collector:
/dev/sda1                           59G   10G   46G  18% /data

############################ annie - 07/06/23 18:20:28 EST -0500 ############################

Disk Usage Before Git Garbage Collector:
/dev/sda1                           59G   10G   46G  19% /data
Working on: /data/ccre-dam-data
Working on: /data/annie-logs
Disk Usage After Git Garbage Collector:
/dev/sda1                           59G   10G   46G  18% /data

############################ annie - 07/07/23 00:26:01 EST -0500 ############################

Disk Usage Before Git Garbage Collector:
/dev/sda1                           59G   10G   46G  19% /data
Working on: /data/ccre-dam-data
Working on: /data/annie-logs
Disk Usage After Git Garbage Collector:
/dev/sda1                           59G   10G   46G  18% /data

############################ annie - 07/07/23 06:20:27 EST -0500 ############################

Disk Usage Before Git Garbage Collector:
/dev/sda1                           59G   11G   46G  19% /data
Working on: /data/ccre-dam-data
Working on: /data/annie-logs
Disk Usage After Git Garbage Collector:
/dev/sda1                           59G   10G   46G  18% /data

############################ annie - 07/07/23 12:20:28 EST -0500 ############################

Disk Usage Before Git Garbage Collector:
/dev/sda1                           59G   11G   46G  19% /data
Working on: /data/ccre-dam-data
Working on: /data/annie-logs
Disk Usage After Git Garbage Collector:
/dev/sda1                           59G   10G   46G  19% /data

############################ annie - 07/07/23 18:20:29 EST -0500 ############################

Disk Usage Before Git Garbage Collector:
/dev/sda1                           59G   11G   46G  19% /data
Working on: /data/ccre-dam-data
Working on: /data/annie-logs
Disk Usage After Git Garbage Collector:
/dev/sda1                           59G   10G   46G  19% /data

############################ annie - 07/08/23 00:26:01 EST -0500 ############################

Disk Usage Before Git Garbage Collector:
/dev/sda1                           59G   11G   46G  19% /data
Working on: /data/ccre-dam-data
Working on: /data/annie-logs
Disk Usage After Git Garbage Collector:
/dev/sda1                           59G   11G   46G  19% /data

############################ annie - 07/08/23 06:20:27 EST -0500 ############################

Disk Usage Before Git Garbage Collector:
/dev/sda1                           59G   11G   46G  19% /data
Working on: /data/ccre-dam-data
Working on: /data/annie-logs
Disk Usage After Git Garbage Collector:
/dev/sda1                           59G   11G   46G  19% /data

############################ annie - 07/08/23 12:20:27 EST -0500 ############################

Disk Usage Before Git Garbage Collector:
/dev/sda1                           59G   11G   46G  19% /data
Working on: /data/ccre-dam-data
Working on: /data/annie-logs
Disk Usage After Git Garbage Collector:
/dev/sda1                           59G   11G   46G  19% /data

############################ annie - 07/08/23 18:20:27 EST -0500 ############################

Disk Usage Before Git Garbage Collector:
/dev/sda1                           59G   11G   46G  19% /data
Working on: /data/ccre-dam-data
Working on: /data/annie-logs
Disk Usage After Git Garbage Collector:
/dev/sda1                           59G   11G   46G  19% /data

############################ annie - 07/09/23 00:26:02 EST -0500 ############################

Disk Usage Before Git Garbage Collector:
/dev/sda1                           59G   11G   46G  19% /data
Working on: /data/ccre-dam-data
Working on: /data/annie-logs
Disk Usage After Git Garbage Collector:
/dev/sda1                           59G   11G   46G  19% /data

############################ annie - 07/09/23 06:20:27 EST -0500 ############################

Disk Usage Before Git Garbage Collector:
/dev/sda1                           59G   11G   46G  19% /data
Working on: /data/ccre-dam-data
Working on: /data/annie-logs
Disk Usage After Git Garbage Collector:
/dev/sda1                           59G   11G   46G  19% /data

############################ annie - 07/09/23 12:20:27 EST -0500 ############################

Disk Usage Before Git Garbage Collector:
/dev/sda1                           59G   11G   46G  19% /data
Working on: /data/ccre-dam-data
Working on: /data/annie-logs
Disk Usage After Git Garbage Collector:
/dev/sda1                           59G   11G   46G  19% /data

############################ annie - 07/09/23 18:20:27 EST -0500 ############################

Disk Usage Before Git Garbage Collector:
/dev/sda1                           59G   11G   46G  19% /data
Working on: /data/ccre-dam-data
Working on: /data/annie-logs
Disk Usage After Git Garbage Collector:
/dev/sda1                           59G   11G   46G  19% /data

############################ annie - 07/10/23 00:26:02 EST -0500 ############################

Disk Usage Before Git Garbage Collector:
/dev/sda1                           59G   11G   46G  19% /data
Working on: /data/ccre-dam-data
Working on: /data/annie-logs
Disk Usage After Git Garbage Collector:
/dev/sda1                           59G   11G   46G  19% /data

############################ annie - 07/10/23 06:20:27 EST -0500 ############################

Disk Usage Before Git Garbage Collector:
/dev/sda1                           59G   11G   46G  19% /data
Working on: /data/ccre-dam-data
Working on: /data/annie-logs
Disk Usage After Git Garbage Collector:
/dev/sda1                           59G   11G   46G  19% /data

############################ annie - 07/10/23 12:20:28 EST -0500 ############################

Disk Usage Before Git Garbage Collector:
/dev/sda1                           59G   11G   46G  19% /data
Working on: /data/ccre-dam-data
Working on: /data/annie-logs
Disk Usage After Git Garbage Collector:
/dev/sda1                           59G   11G   46G  19% /data

############################ annie - 07/10/23 18:20:28 EST -0500 ############################

Disk Usage Before Git Garbage Collector:
/dev/sda1                           59G   11G   46G  19% /data
Working on: /data/ccre-dam-data
Working on: /data/annie-logs
Disk Usage After Git Garbage Collector:
/dev/sda1                           59G   11G   46G  19% /data

############################ annie - 07/11/23 00:26:03 EST -0500 ############################

Disk Usage Before Git Garbage Collector:
/dev/sda1                           59G   11G   46G  19% /data
Working on: /data/ccre-dam-data
Working on: /data/annie-logs
Disk Usage After Git Garbage Collector:
/dev/sda1                           59G   11G   46G  19% /data

############################ annie - 07/11/23 06:20:26 EST -0500 ############################

Disk Usage Before Git Garbage Collector:
/dev/sda1                           59G   11G   46G  19% /data
Working on: /data/ccre-dam-data
Working on: /data/annie-logs
Disk Usage After Git Garbage Collector:
/dev/sda1                           59G   11G   46G  19% /data

############################ annie - 07/11/23 12:20:28 EST -0500 ############################

Disk Usage Before Git Garbage Collector:
/dev/sda1                           59G   11G   46G  19% /data
Working on: /data/ccre-dam-data
Working on: /data/annie-logs
Disk Usage After Git Garbage Collector:
/dev/sda1                           59G  8.0G   48G  15% /data

############################ annie - 07/11/23 18:20:28 EST -0500 ############################

Disk Usage Before Git Garbage Collector:
/dev/sda1                           59G  8.1G   48G  15% /data
Working on: /data/ccre-dam-data
Working on: /data/annie-logs
Disk Usage After Git Garbage Collector:
/dev/sda1                           59G  8.0G   48G  15% /data

############################ annie - 07/12/23 00:26:03 EST -0500 ############################

Disk Usage Before Git Garbage Collector:
/dev/sda1                           59G  8.1G   48G  15% /data
Working on: /data/ccre-dam-data
Working on: /data/annie-logs
Disk Usage After Git Garbage Collector:
/dev/sda1                           59G  8.1G   48G  15% /data

############################ annie - 07/12/23 06:20:27 EST -0500 ############################

Disk Usage Before Git Garbage Collector:
/dev/sda1                           59G  8.1G   48G  15% /data
Working on: /data/ccre-dam-data
Working on: /data/annie-logs
Disk Usage After Git Garbage Collector:
/dev/sda1                           59G  8.1G   48G  15% /data

############################ annie - 07/12/23 12:20:28 EST -0500 ############################

Disk Usage Before Git Garbage Collector:
/dev/sda1                           59G  8.1G   48G  15% /data
Working on: /data/ccre-dam-data
Working on: /data/annie-logs
Disk Usage After Git Garbage Collector:
/dev/sda1                           59G  8.1G   48G  15% /data

############################ annie - 07/12/23 18:20:28 EST -0500 ############################

Disk Usage Before Git Garbage Collector:
/dev/sda1                           59G  8.1G   48G  15% /data
Working on: /data/ccre-dam-data
Working on: /data/annie-logs
Disk Usage After Git Garbage Collector:
/dev/sda1                           59G  8.1G   48G  15% /data

############################ annie - 07/13/23 00:26:03 EST -0500 ############################

Disk Usage Before Git Garbage Collector:
/dev/sda1                           59G  8.1G   48G  15% /data
Working on: /data/ccre-dam-data
Working on: /data/annie-logs
Disk Usage After Git Garbage Collector:
/dev/sda1                           59G  8.1G   48G  15% /data

############################ annie - 07/13/23 06:20:27 EST -0500 ############################

Disk Usage Before Git Garbage Collector:
/dev/sda1                           59G  8.2G   48G  15% /data
Working on: /data/ccre-dam-data
Working on: /data/annie-logs
Disk Usage After Git Garbage Collector:
/dev/sda1                           59G  8.1G   48G  15% /data

############################ annie - 07/13/23 12:20:28 EST -0500 ############################

Disk Usage Before Git Garbage Collector:
/dev/sda1                           59G  8.2G   48G  15% /data
Working on: /data/ccre-dam-data
Working on: /data/annie-logs
Disk Usage After Git Garbage Collector:
/dev/sda1                           59G  8.1G   48G  15% /data

############################ annie - 07/13/23 18:20:28 EST -0500 ############################

Disk Usage Before Git Garbage Collector:
/dev/sda1                           59G  8.2G   48G  15% /data
Working on: /data/ccre-dam-data
Working on: /data/annie-logs
Disk Usage After Git Garbage Collector:
/dev/sda1                           59G  8.1G   48G  15% /data

############################ annie - 07/14/23 00:26:04 EST -0500 ############################

Disk Usage Before Git Garbage Collector:
/dev/sda1                           59G  8.2G   48G  15% /data
Working on: /data/ccre-dam-data
Working on: /data/annie-logs
Disk Usage After Git Garbage Collector:
/dev/sda1                           59G  8.2G   48G  15% /data

############################ annie - 07/14/23 06:20:27 EST -0500 ############################

Disk Usage Before Git Garbage Collector:
/dev/sda1                           59G  8.3G   48G  15% /data
Working on: /data/ccre-dam-data
Working on: /data/annie-logs
Disk Usage After Git Garbage Collector:
/dev/sda1                           59G  8.2G   48G  15% /data

############################ annie - 07/14/23 12:20:29 EST -0500 ############################

Disk Usage Before Git Garbage Collector:
/dev/sda1                           59G  8.2G   48G  15% /data
Working on: /data/ccre-dam-data
Working on: /data/annie-logs
Disk Usage After Git Garbage Collector:
/dev/sda1                           59G  8.2G   48G  15% /data

############################ annie - 07/14/23 18:20:28 EST -0500 ############################

Disk Usage Before Git Garbage Collector:
/dev/sda1                           59G  8.2G   48G  15% /data
Working on: /data/ccre-dam-data
Working on: /data/annie-logs
Disk Usage After Git Garbage Collector:
/dev/sda1                           59G  8.2G   48G  15% /data

############################ annie - 07/15/23 00:26:05 EST -0500 ############################

Disk Usage Before Git Garbage Collector:
/dev/sda1                           59G  8.3G   48G  15% /data
Working on: /data/ccre-dam-data
Working on: /data/annie-logs
Disk Usage After Git Garbage Collector:
/dev/sda1                           59G  8.2G   48G  15% /data

############################ annie - 07/15/23 06:20:27 EST -0500 ############################

Disk Usage Before Git Garbage Collector:
/dev/sda1                           59G  8.3G   48G  15% /data
Working on: /data/ccre-dam-data
Working on: /data/annie-logs
Disk Usage After Git Garbage Collector:
/dev/sda1                           59G  8.2G   48G  15% /data

############################ annie - 07/15/23 12:20:28 EST -0500 ############################

Disk Usage Before Git Garbage Collector:
/dev/sda1                           59G  8.3G   48G  15% /data
Working on: /data/ccre-dam-data
Working on: /data/annie-logs
Disk Usage After Git Garbage Collector:
/dev/sda1                           59G  8.2G   48G  15% /data

############################ annie - 07/15/23 18:20:28 EST -0500 ############################

Disk Usage Before Git Garbage Collector:
/dev/sda1                           59G  8.3G   48G  15% /data
Working on: /data/ccre-dam-data
Working on: /data/annie-logs
Disk Usage After Git Garbage Collector:
/dev/sda1                           59G  8.3G   48G  15% /data

############################ annie - 07/16/23 00:26:06 EST -0500 ############################

Disk Usage Before Git Garbage Collector:
/dev/sda1                           59G  8.3G   48G  15% /data
Working on: /data/ccre-dam-data
Working on: /data/annie-logs
Disk Usage After Git Garbage Collector:
/dev/sda1                           59G  8.3G   48G  15% /data

############################ annie - 07/16/23 06:20:28 EST -0500 ############################

Disk Usage Before Git Garbage Collector:
/dev/sda1                           59G  8.4G   48G  16% /data
Working on: /data/ccre-dam-data
Working on: /data/annie-logs
Disk Usage After Git Garbage Collector:
/dev/sda1                           59G  8.3G   48G  15% /data

############################ annie - 07/16/23 12:20:28 EST -0500 ############################

Disk Usage Before Git Garbage Collector:
/dev/sda1                           59G  8.3G   48G  15% /data
Working on: /data/ccre-dam-data
Working on: /data/annie-logs
Disk Usage After Git Garbage Collector:
/dev/sda1                           59G  8.3G   48G  15% /data

############################ annie - 07/16/23 18:20:29 EST -0500 ############################

Disk Usage Before Git Garbage Collector:
/dev/sda1                           59G  8.4G   48G  15% /data
Working on: /data/ccre-dam-data
Working on: /data/annie-logs
Disk Usage After Git Garbage Collector:
/dev/sda1                           59G  8.3G   48G  15% /data

############################ annie - 07/17/23 00:26:06 EST -0500 ############################

Disk Usage Before Git Garbage Collector:
/dev/sda1                           59G  8.4G   48G  16% /data
Working on: /data/ccre-dam-data
Working on: /data/annie-logs
Disk Usage After Git Garbage Collector:
/dev/sda1                           59G  8.3G   48G  15% /data

############################ annie - 07/17/23 06:20:27 EST -0500 ############################

Disk Usage Before Git Garbage Collector:
/dev/sda1                           59G  8.4G   48G  16% /data
Working on: /data/ccre-dam-data
Working on: /data/annie-logs
Disk Usage After Git Garbage Collector:
/dev/sda1                           59G  8.3G   48G  15% /data

############################ annie - 07/17/23 12:20:28 EST -0500 ############################

Disk Usage Before Git Garbage Collector:
/dev/sda1                           59G  8.4G   48G  16% /data
Working on: /data/ccre-dam-data
Working on: /data/annie-logs
Disk Usage After Git Garbage Collector:
/dev/sda1                           59G  8.4G   48G  16% /data

############################ annie - 07/17/23 18:20:27 EST -0500 ############################

Disk Usage Before Git Garbage Collector:
/dev/sda1                           59G  8.4G   48G  16% /data
Working on: /data/ccre-dam-data
Working on: /data/annie-logs
Disk Usage After Git Garbage Collector:
/dev/sda1                           59G  8.4G   48G  16% /data

############################ annie - 07/18/23 00:26:07 EST -0500 ############################

Disk Usage Before Git Garbage Collector:
/dev/sda1                           59G  8.4G   48G  16% /data
Working on: /data/ccre-dam-data
Working on: /data/annie-logs
Disk Usage After Git Garbage Collector:
/dev/sda1                           59G  8.4G   48G  16% /data

############################ annie - 07/18/23 06:20:27 EST -0500 ############################

Disk Usage Before Git Garbage Collector:
/dev/sda1                           59G  8.5G   47G  16% /data
Working on: /data/ccre-dam-data
Working on: /data/annie-logs
Disk Usage After Git Garbage Collector:
/dev/sda1                           59G  8.4G   48G  16% /data

############################ annie - 07/18/23 12:20:28 EST -0500 ############################

Disk Usage Before Git Garbage Collector:
/dev/sda1                           59G  8.5G   47G  16% /data
Working on: /data/ccre-dam-data
Working on: /data/annie-logs
Disk Usage After Git Garbage Collector:
/dev/sda1                           59G  8.4G   48G  16% /data

############################ annie - 07/18/23 18:20:28 EST -0500 ############################

Disk Usage Before Git Garbage Collector:
/dev/sda1                           59G  8.5G   47G  16% /data
Working on: /data/ccre-dam-data
Working on: /data/annie-logs
Disk Usage After Git Garbage Collector:
/dev/sda1                           59G  8.4G   48G  16% /data

############################ annie - 07/19/23 00:26:07 EST -0500 ############################

Disk Usage Before Git Garbage Collector:
/dev/sda1                           59G  8.5G   47G  16% /data
Working on: /data/ccre-dam-data
Working on: /data/annie-logs
Disk Usage After Git Garbage Collector:
/dev/sda1                           59G  8.4G   47G  16% /data

############################ annie - 07/19/23 06:20:28 EST -0500 ############################

Disk Usage Before Git Garbage Collector:
/dev/sda1                           59G  8.5G   47G  16% /data
Working on: /data/ccre-dam-data
Working on: /data/annie-logs
Disk Usage After Git Garbage Collector:
/dev/sda1                           59G  8.5G   47G  16% /data

############################ annie - 07/19/23 12:20:28 EST -0500 ############################

Disk Usage Before Git Garbage Collector:
/dev/sda1                           59G  8.5G   47G  16% /data
Working on: /data/ccre-dam-data
Working on: /data/annie-logs
Disk Usage After Git Garbage Collector:
/dev/sda1                           59G  8.5G   47G  16% /data

############################ annie - 07/19/23 13:58:11 EST -0500 ############################

Disk Usage Before Git Garbage Collector:
/dev/sda1                           59G  8.5G   47G  16% /data
Working on: /data/ccre-dam-data
Working on: /data/annie-logs
Disk Usage After Git Garbage Collector:
/dev/sda1                           59G  8.5G   47G  16% /data

############################ annie - 07/19/23 18:20:28 EST -0500 ############################

Disk Usage Before Git Garbage Collector:
/dev/sda1                           59G  8.6G   47G  16% /data
Working on: /data/ccre-dam-data
Working on: /data/annie-logs
Disk Usage After Git Garbage Collector:
/dev/sda1                           59G  8.5G   47G  16% /data

############################ annie - 07/20/23 00:18:23 EST -0500 ############################

Disk Usage Before Git Garbage Collector:
/dev/sda1                           59G  8.6G   47G  16% /data
Working on: /data/ccre-dam-data

############################ annie - 07/20/23 00:20:11 EST -0500 ############################

Disk Usage Before Git Garbage Collector:
/dev/sda1                           59G   11G   45G  20% /data
Working on: /data/ccre-dam-data
fatal: gc is already running on machine 'annie' pid 1658 (use --force if not)
Working on: /data/annie-logs
Disk Usage After Git Garbage Collector:
/dev/sda1                           59G   11G   45G  20% /data
Working on: /data/annie-logs
Disk Usage After Git Garbage Collector:
/dev/sda1                           59G  8.5G   47G  16% /data

############################ annie - 07/20/23 06:20:28 EST -0500 ############################

Disk Usage Before Git Garbage Collector:
/dev/sda1                           59G  8.6G   47G  16% /data
Working on: /data/ccre-dam-data
Working on: /data/annie-logs
Disk Usage After Git Garbage Collector:
/dev/sda1                           59G  8.5G   47G  16% /data

############################ annie - 07/20/23 12:20:29 EST -0500 ############################

Disk Usage Before Git Garbage Collector:
/dev/sda1                           59G  8.6G   47G  16% /data
Working on: /data/ccre-dam-data
Working on: /data/annie-logs
Disk Usage After Git Garbage Collector:
/dev/sda1                           59G  8.5G   47G  16% /data

############################ annie - 07/20/23 18:20:29 EST -0500 ############################

Disk Usage Before Git Garbage Collector:
/dev/sda1                           59G  8.6G   47G  16% /data
Working on: /data/ccre-dam-data
Working on: /data/annie-logs
Disk Usage After Git Garbage Collector:
/dev/sda1                           59G  8.6G   47G  16% /data

############################ annie - 07/21/23 00:18:23 EST -0500 ############################

Disk Usage Before Git Garbage Collector:
/dev/sda1                           59G  8.6G   47G  16% /data
Working on: /data/ccre-dam-data

############################ annie - 07/21/23 00:20:10 EST -0500 ############################

Disk Usage Before Git Garbage Collector:
/dev/sda1                           59G   11G   45G  20% /data
Working on: /data/ccre-dam-data
fatal: gc is already running on machine 'annie' pid 1603 (use --force if not)
Working on: /data/annie-logs
Disk Usage After Git Garbage Collector:
/dev/sda1                           59G   11G   45G  20% /data
Working on: /data/annie-logs
Disk Usage After Git Garbage Collector:
/dev/sda1                           59G  8.6G   47G  16% /data

############################ annie - 07/21/23 06:20:28 EST -0500 ############################

Disk Usage Before Git Garbage Collector:
/dev/sda1                           59G  8.6G   47G  16% /data
Working on: /data/ccre-dam-data
Working on: /data/annie-logs
Disk Usage After Git Garbage Collector:
/dev/sda1                           59G  8.6G   47G  16% /data

############################ annie - 07/21/23 12:20:29 EST -0500 ############################

Disk Usage Before Git Garbage Collector:
/dev/sda1                           59G  8.6G   47G  16% /data
Working on: /data/ccre-dam-data
Working on: /data/annie-logs
Disk Usage After Git Garbage Collector:
/dev/sda1                           59G  8.6G   47G  16% /data

############################ annie - 07/21/23 18:20:29 EST -0500 ############################

Disk Usage Before Git Garbage Collector:
/dev/sda1                           59G  8.7G   47G  16% /data
Working on: /data/ccre-dam-data
Working on: /data/annie-logs
Disk Usage After Git Garbage Collector:
/dev/sda1                           59G  8.6G   47G  16% /data

############################ annie - 07/22/23 00:18:24 EST -0500 ############################

Disk Usage Before Git Garbage Collector:
/dev/sda1                           59G  8.7G   47G  16% /data
Working on: /data/ccre-dam-data

############################ annie - 07/22/23 00:20:11 EST -0500 ############################

Disk Usage Before Git Garbage Collector:
/dev/sda1                           59G   11G   45G  20% /data
Working on: /data/ccre-dam-data
fatal: gc is already running on machine 'annie' pid 1641 (use --force if not)
Working on: /data/annie-logs
Disk Usage After Git Garbage Collector:
/dev/sda1                           59G   11G   45G  20% /data
Working on: /data/annie-logs
Disk Usage After Git Garbage Collector:
/dev/sda1                           59G  8.6G   47G  16% /data

############################ annie - 07/22/23 06:20:28 EST -0500 ############################

Disk Usage Before Git Garbage Collector:
/dev/sda1                           59G  8.7G   47G  16% /data
Working on: /data/ccre-dam-data
Working on: /data/annie-logs
Disk Usage After Git Garbage Collector:
/dev/sda1                           59G  8.6G   47G  16% /data

############################ annie - 07/22/23 12:20:28 EST -0500 ############################

Disk Usage Before Git Garbage Collector:
/dev/sda1                           59G  8.7G   47G  16% /data
Working on: /data/ccre-dam-data
Working on: /data/annie-logs
Disk Usage After Git Garbage Collector:
/dev/sda1                           59G  8.7G   47G  16% /data

############################ annie - 07/22/23 18:20:30 EST -0500 ############################

Disk Usage Before Git Garbage Collector:
/dev/sda1                           59G  8.7G   47G  16% /data
Working on: /data/ccre-dam-data
Working on: /data/annie-logs
Disk Usage After Git Garbage Collector:
/dev/sda1                           59G  8.7G   47G  16% /data

############################ annie - 07/23/23 00:18:24 EST -0500 ############################

Disk Usage Before Git Garbage Collector:
/dev/sda1                           59G  8.7G   47G  16% /data
Working on: /data/ccre-dam-data

############################ annie - 07/23/23 00:20:10 EST -0500 ############################

Disk Usage Before Git Garbage Collector:
/dev/sda1                           59G   11G   45G  20% /data
Working on: /data/ccre-dam-data
fatal: gc is already running on machine 'annie' pid 1643 (use --force if not)
Working on: /data/annie-logs
Disk Usage After Git Garbage Collector:
/dev/sda1                           59G   11G   45G  20% /data
Working on: /data/annie-logs
Disk Usage After Git Garbage Collector:
/dev/sda1                           59G  8.7G   47G  16% /data

############################ annie - 07/23/23 06:20:28 EST -0500 ############################

Disk Usage Before Git Garbage Collector:
/dev/sda1                           59G  8.8G   47G  16% /data
Working on: /data/ccre-dam-data
Working on: /data/annie-logs
Disk Usage After Git Garbage Collector:
/dev/sda1                           59G  8.7G   47G  16% /data

############################ annie - 07/23/23 12:20:28 EST -0500 ############################

Disk Usage Before Git Garbage Collector:
/dev/sda1                           59G  8.8G   47G  16% /data
Working on: /data/ccre-dam-data
Working on: /data/annie-logs
Disk Usage After Git Garbage Collector:
/dev/sda1                           59G  8.7G   47G  16% /data

############################ annie - 07/23/23 18:20:28 EST -0500 ############################

Disk Usage Before Git Garbage Collector:
/dev/sda1                           59G  8.8G   47G  16% /data
Working on: /data/ccre-dam-data
Working on: /data/annie-logs
Disk Usage After Git Garbage Collector:
/dev/sda1                           59G  8.7G   47G  16% /data

############################ annie - 07/24/23 00:18:25 EST -0500 ############################

Disk Usage Before Git Garbage Collector:
/dev/sda1                           59G  8.8G   47G  16% /data
Working on: /data/ccre-dam-data

############################ annie - 07/24/23 00:20:11 EST -0500 ############################

Disk Usage Before Git Garbage Collector:
/dev/sda1                           59G   11G   45G  20% /data
Working on: /data/ccre-dam-data
fatal: gc is already running on machine 'annie' pid 1683 (use --force if not)
Working on: /data/annie-logs
Disk Usage After Git Garbage Collector:
/dev/sda1                           59G   11G   45G  20% /data
Working on: /data/annie-logs
Disk Usage After Git Garbage Collector:
/dev/sda1                           59G  8.8G   47G  16% /data

############################ annie - 07/24/23 06:20:28 EST -0500 ############################

Disk Usage Before Git Garbage Collector:
/dev/sda1                           59G  8.8G   47G  16% /data
Working on: /data/ccre-dam-data
Working on: /data/annie-logs
Disk Usage After Git Garbage Collector:
/dev/sda1                           59G  8.8G   47G  16% /data

############################ annie - 07/24/23 12:20:29 EST -0500 ############################

Disk Usage Before Git Garbage Collector:
/dev/sda1                           59G  8.8G   47G  16% /data
Working on: /data/ccre-dam-data
Working on: /data/annie-logs
Disk Usage After Git Garbage Collector:
/dev/sda1                           59G  8.8G   47G  16% /data

############################ annie - 07/24/23 18:20:29 EST -0500 ############################

Disk Usage Before Git Garbage Collector:
/dev/sda1                           59G  8.8G   47G  16% /data
Working on: /data/ccre-dam-data
Working on: /data/annie-logs
Disk Usage After Git Garbage Collector:
/dev/sda1                           59G  8.8G   47G  16% /data

############################ annie - 07/25/23 00:18:26 EST -0500 ############################

Disk Usage Before Git Garbage Collector:
/dev/sda1                           59G  8.9G   47G  16% /data
Working on: /data/ccre-dam-data

############################ annie - 07/25/23 00:20:11 EST -0500 ############################

Disk Usage Before Git Garbage Collector:
/dev/sda1                           59G   11G   45G  20% /data
Working on: /data/ccre-dam-data
fatal: gc is already running on machine 'annie' pid 1640 (use --force if not)
Working on: /data/annie-logs
Disk Usage After Git Garbage Collector:
/dev/sda1                           59G   11G   45G  20% /data
Working on: /data/annie-logs
Disk Usage After Git Garbage Collector:
/dev/sda1                           59G  8.8G   47G  16% /data

############################ annie - 07/25/23 06:20:29 EST -0500 ############################

Disk Usage Before Git Garbage Collector:
/dev/sda1                           59G  8.9G   47G  16% /data
Working on: /data/ccre-dam-data
Working on: /data/annie-logs
Disk Usage After Git Garbage Collector:
/dev/sda1                           59G  8.8G   47G  16% /data

############################ annie - 07/25/23 12:20:28 EST -0500 ############################

Disk Usage Before Git Garbage Collector:
/dev/sda1                           59G  8.9G   47G  16% /data
Working on: /data/ccre-dam-data
Working on: /data/annie-logs
Disk Usage After Git Garbage Collector:
/dev/sda1                           59G  8.8G   47G  16% /data

############################ annie - 07/25/23 18:20:29 EST -0500 ############################

Disk Usage Before Git Garbage Collector:
/dev/sda1                           59G  8.9G   47G  16% /data
Working on: /data/ccre-dam-data
Working on: /data/annie-logs
Disk Usage After Git Garbage Collector:
/dev/sda1                           59G  8.9G   47G  16% /data

############################ annie - 07/26/23 00:18:27 EST -0500 ############################

Disk Usage Before Git Garbage Collector:
/dev/sda1                           59G  8.9G   47G  16% /data
Working on: /data/ccre-dam-data

############################ annie - 07/26/23 00:20:11 EST -0500 ############################

Disk Usage Before Git Garbage Collector:
/dev/sda1                           59G   11G   45G  20% /data
Working on: /data/ccre-dam-data
fatal: gc is already running on machine 'annie' pid 1656 (use --force if not)
Working on: /data/annie-logs
Disk Usage After Git Garbage Collector:
/dev/sda1                           59G   11G   45G  20% /data
Working on: /data/annie-logs
Disk Usage After Git Garbage Collector:
/dev/sda1                           59G  8.9G   47G  16% /data

############################ annie - 07/26/23 06:20:28 EST -0500 ############################

Disk Usage Before Git Garbage Collector:
/dev/sda1                           59G  8.9G   47G  17% /data
Working on: /data/ccre-dam-data
Working on: /data/annie-logs
Disk Usage After Git Garbage Collector:
/dev/sda1                           59G  8.9G   47G  16% /data

############################ annie - 07/26/23 12:20:29 EST -0500 ############################

Disk Usage Before Git Garbage Collector:
/dev/sda1                           59G  8.9G   47G  17% /data
Working on: /data/ccre-dam-data
Working on: /data/annie-logs
Disk Usage After Git Garbage Collector:
/dev/sda1                           59G  8.9G   47G  16% /data

############################ annie - 07/26/23 18:20:28 EST -0500 ############################

Disk Usage Before Git Garbage Collector:
/dev/sda1                           59G  9.0G   47G  17% /data
Working on: /data/ccre-dam-data
Working on: /data/annie-logs
Disk Usage After Git Garbage Collector:
/dev/sda1                           59G  8.9G   47G  17% /data

############################ annie - 07/27/23 00:18:27 EST -0500 ############################

Disk Usage Before Git Garbage Collector:
/dev/sda1                           59G  9.0G   47G  17% /data
Working on: /data/ccre-dam-data

############################ annie - 07/27/23 00:20:10 EST -0500 ############################

Disk Usage Before Git Garbage Collector:
/dev/sda1                           59G   11G   45G  20% /data
Working on: /data/ccre-dam-data
fatal: gc is already running on machine 'annie' pid 1646 (use --force if not)
Working on: /data/annie-logs
Disk Usage After Git Garbage Collector:
/dev/sda1                           59G   12G   45G  20% /data
Working on: /data/annie-logs
Disk Usage After Git Garbage Collector:
/dev/sda1                           59G  9.0G   47G  17% /data

############################ annie - 07/27/23 06:20:29 EST -0500 ############################

Disk Usage Before Git Garbage Collector:
/dev/sda1                           59G  9.0G   47G  17% /data
Working on: /data/ccre-dam-data
Working on: /data/annie-logs
Disk Usage After Git Garbage Collector:
/dev/sda1                           59G  9.0G   47G  17% /data

############################ annie - 07/27/23 12:20:29 EST -0500 ############################

Disk Usage Before Git Garbage Collector:
/dev/sda1                           59G  9.0G   47G  17% /data
Working on: /data/ccre-dam-data
Working on: /data/annie-logs
Disk Usage After Git Garbage Collector:
/dev/sda1                           59G  9.0G   47G  17% /data

############################ annie - 07/27/23 18:20:28 EST -0500 ############################

Disk Usage Before Git Garbage Collector:
/dev/sda1                           59G  9.0G   47G  17% /data
Working on: /data/ccre-dam-data
Working on: /data/annie-logs
Disk Usage After Git Garbage Collector:
/dev/sda1                           59G  9.0G   47G  17% /data

############################ annie - 07/28/23 00:18:29 EST -0500 ############################

Disk Usage Before Git Garbage Collector:
/dev/sda1                           59G  9.0G   47G  17% /data
Working on: /data/ccre-dam-data

############################ annie - 07/28/23 00:20:11 EST -0500 ############################

Disk Usage Before Git Garbage Collector:
/dev/sda1                           59G   11G   45G  20% /data
Working on: /data/ccre-dam-data
fatal: gc is already running on machine 'annie' pid 1675 (use --force if not)
Working on: /data/annie-logs
Disk Usage After Git Garbage Collector:
/dev/sda1                           59G   12G   45G  20% /data
Working on: /data/annie-logs
Disk Usage After Git Garbage Collector:
/dev/sda1                           59G  9.0G   47G  17% /data

############################ annie - 07/28/23 06:20:28 EST -0500 ############################

Disk Usage Before Git Garbage Collector:
/dev/sda1                           59G  9.1G   47G  17% /data
Working on: /data/ccre-dam-data
Working on: /data/annie-logs
Disk Usage After Git Garbage Collector:
/dev/sda1                           59G  9.0G   47G  17% /data

############################ annie - 07/28/23 12:20:29 EST -0500 ############################

Disk Usage Before Git Garbage Collector:
/dev/sda1                           59G  9.1G   47G  17% /data
Working on: /data/ccre-dam-data
Working on: /data/annie-logs
Disk Usage After Git Garbage Collector:
/dev/sda1                           59G  9.0G   47G  17% /data

############################ annie - 07/28/23 17:01:20 EST -0500 ############################

Disk Usage Before Git Garbage Collector:
/dev/sda1                           59G  9.1G   47G  17% /data
Working on: /data/ccre-dam-data
Working on: /data/annie-logs
Disk Usage After Git Garbage Collector:
/dev/sda1                           59G  9.0G   47G  17% /data

############################ annie - 07/28/23 18:20:28 EST -0500 ############################

Disk Usage Before Git Garbage Collector:
/dev/sda1                           59G  9.1G   47G  17% /data
Working on: /data/ccre-dam-data
Working on: /data/annie-logs
Disk Usage After Git Garbage Collector:
/dev/sda1                           59G  9.1G   47G  17% /data

############################ annie - 07/29/23 00:18:28 EST -0500 ############################

Disk Usage Before Git Garbage Collector:
/dev/sda1                           59G  9.1G   47G  17% /data
Working on: /data/ccre-dam-data

############################ annie - 07/29/23 00:20:10 EST -0500 ############################

Disk Usage Before Git Garbage Collector:
/dev/sda1                           59G   11G   45G  20% /data
Working on: /data/ccre-dam-data
fatal: gc is already running on machine 'annie' pid 1670 (use --force if not)
Working on: /data/annie-logs
Disk Usage After Git Garbage Collector:
/dev/sda1                           59G   12G   45G  20% /data
Working on: /data/annie-logs
Disk Usage After Git Garbage Collector:
/dev/sda1                           59G  9.1G   47G  17% /data

############################ annie - 07/29/23 11:29:22 EST -0500 ############################

Disk Usage Before Git Garbage Collector:
/dev/sda1                           59G  9.1G   47G  17% /data
Working on: /data/ccre-dam-data
Working on: /data/annie-logs
Disk Usage After Git Garbage Collector:
/dev/sda1                           59G  9.1G   47G  17% /data

############################ annie - 07/29/23 12:20:27 EST -0500 ############################

Disk Usage Before Git Garbage Collector:
/dev/sda1                           59G  9.2G   47G  17% /data
Working on: /data/ccre-dam-data
Working on: /data/annie-logs
Disk Usage After Git Garbage Collector:
/dev/sda1                           59G  9.1G   47G  17% /data

############################ annie - 07/29/23 18:20:28 EST -0500 ############################

Disk Usage Before Git Garbage Collector:
/dev/sda1                           59G  9.1G   47G  17% /data
Working on: /data/ccre-dam-data
Working on: /data/annie-logs
Disk Usage After Git Garbage Collector:
/dev/sda1                           59G  9.1G   47G  17% /data

############################ annie - 07/30/23 00:18:28 EST -0500 ############################

Disk Usage Before Git Garbage Collector:
/dev/sda1                           59G  9.2G   47G  17% /data
Working on: /data/ccre-dam-data

############################ annie - 07/30/23 00:20:10 EST -0500 ############################

Disk Usage Before Git Garbage Collector:
/dev/sda1                           59G   12G   45G  20% /data
Working on: /data/ccre-dam-data
fatal: gc is already running on machine 'annie' pid 1591 (use --force if not)
Working on: /data/annie-logs
Disk Usage After Git Garbage Collector:
/dev/sda1                           59G   12G   45G  21% /data
Working on: /data/annie-logs
Disk Usage After Git Garbage Collector:
/dev/sda1                           59G  9.1G   47G  17% /data

############################ annie - 07/30/23 06:20:28 EST -0500 ############################

Disk Usage Before Git Garbage Collector:
/dev/sda1                           59G  9.2G   47G  17% /data
Working on: /data/ccre-dam-data
Working on: /data/annie-logs
Disk Usage After Git Garbage Collector:
/dev/sda1                           59G  9.1G   47G  17% /data

############################ annie - 07/30/23 12:20:29 EST -0500 ############################

Disk Usage Before Git Garbage Collector:
/dev/sda1                           59G  9.2G   47G  17% /data
Working on: /data/ccre-dam-data
Working on: /data/annie-logs
Disk Usage After Git Garbage Collector:
/dev/sda1                           59G  9.2G   47G  17% /data

############################ annie - 07/30/23 18:20:28 EST -0500 ############################

Disk Usage Before Git Garbage Collector:
/dev/sda1                           59G  9.2G   47G  17% /data
Working on: /data/ccre-dam-data
Working on: /data/annie-logs
Disk Usage After Git Garbage Collector:
/dev/sda1                           59G  9.2G   47G  17% /data

############################ annie - 07/31/23 00:18:29 EST -0500 ############################

Disk Usage Before Git Garbage Collector:
/dev/sda1                           59G  9.2G   47G  17% /data
Working on: /data/ccre-dam-data

############################ annie - 07/31/23 00:20:42 EST -0500 ############################

Disk Usage Before Git Garbage Collector:
/dev/sda1                           59G   13G   43G  23% /data
Working on: /data/ccre-dam-data
fatal: gc is already running on machine 'annie' pid 1587 (use --force if not)
Working on: /data/annie-logs
Disk Usage After Git Garbage Collector:
/dev/sda1                           59G   13G   43G  23% /data
Working on: /data/annie-logs
Disk Usage After Git Garbage Collector:
/dev/sda1                           59G  9.2G   47G  17% /data

############################ annie - 07/31/23 06:20:28 EST -0500 ############################

Disk Usage Before Git Garbage Collector:
/dev/sda1                           59G  9.3G   47G  17% /data
Working on: /data/ccre-dam-data
Working on: /data/annie-logs
Disk Usage After Git Garbage Collector:
/dev/sda1                           59G  9.2G   47G  17% /data

############################ annie - 07/31/23 12:20:29 EST -0500 ############################

Disk Usage Before Git Garbage Collector:
/dev/sda1                           59G  9.3G   47G  17% /data
Working on: /data/ccre-dam-data
Working on: /data/annie-logs
Disk Usage After Git Garbage Collector:
/dev/sda1                           59G  9.2G   47G  17% /data

############################ annie - 07/31/23 18:20:29 EST -0500 ############################

Disk Usage Before Git Garbage Collector:
/dev/sda1                           59G  9.3G   47G  17% /data
Working on: /data/ccre-dam-data
Working on: /data/annie-logs
Disk Usage After Git Garbage Collector:
/dev/sda1                           59G  9.2G   47G  17% /data

############################ annie - 08/01/23 00:18:30 EST -0500 ############################

Disk Usage Before Git Garbage Collector:
/dev/sda1                           59G  9.3G   47G  17% /data
Working on: /data/ccre-dam-data

############################ annie - 08/01/23 00:20:11 EST -0500 ############################

Disk Usage Before Git Garbage Collector:
/dev/sda1                           59G   12G   45G  21% /data
Working on: /data/ccre-dam-data
fatal: gc is already running on machine 'annie' pid 1579 (use --force if not)
Working on: /data/annie-logs
Disk Usage After Git Garbage Collector:
/dev/sda1                           59G   12G   45G  21% /data
Working on: /data/annie-logs
Disk Usage After Git Garbage Collector:
/dev/sda1                           59G  9.3G   47G  17% /data

############################ annie - 08/01/23 06:20:29 EST -0500 ############################

Disk Usage Before Git Garbage Collector:
/dev/sda1                           59G  9.3G   47G  17% /data
Working on: /data/ccre-dam-data
Working on: /data/annie-logs
Disk Usage After Git Garbage Collector:
/dev/sda1                           59G  9.3G   47G  17% /data

############################ annie - 08/01/23 12:20:29 EST -0500 ############################

Disk Usage Before Git Garbage Collector:
/dev/sda1                           59G  9.3G   47G  17% /data
Working on: /data/ccre-dam-data
Working on: /data/annie-logs
Disk Usage After Git Garbage Collector:
/dev/sda1                           59G  9.3G   47G  17% /data

############################ annie - 08/01/23 18:20:29 EST -0500 ############################

Disk Usage Before Git Garbage Collector:
/dev/sda1                           59G  9.3G   47G  17% /data
Working on: /data/ccre-dam-data
Working on: /data/annie-logs
Disk Usage After Git Garbage Collector:
/dev/sda1                           59G  9.3G   47G  17% /data

############################ annie - 08/02/23 00:18:31 EST -0500 ############################

Disk Usage Before Git Garbage Collector:
/dev/sda1                           59G  9.3G   47G  17% /data
Working on: /data/ccre-dam-data

############################ annie - 08/02/23 00:20:11 EST -0500 ############################

Disk Usage Before Git Garbage Collector:
/dev/sda1                           59G   12G   45G  21% /data
Working on: /data/ccre-dam-data
fatal: gc is already running on machine 'annie' pid 1617 (use --force if not)
Working on: /data/annie-logs
Disk Usage After Git Garbage Collector:
/dev/sda1                           59G   12G   45G  21% /data
Working on: /data/annie-logs
Disk Usage After Git Garbage Collector:
/dev/sda1                           59G  9.3G   47G  17% /data

############################ annie - 08/02/23 06:20:29 EST -0500 ############################

Disk Usage Before Git Garbage Collector:
/dev/sda1                           59G  9.4G   47G  17% /data
Working on: /data/ccre-dam-data
Working on: /data/annie-logs
Disk Usage After Git Garbage Collector:
/dev/sda1                           59G  9.3G   47G  17% /data

############################ annie - 08/02/23 12:20:29 EST -0500 ############################

Disk Usage Before Git Garbage Collector:
/dev/sda1                           59G  9.4G   47G  17% /data
Working on: /data/ccre-dam-data
Working on: /data/annie-logs
Disk Usage After Git Garbage Collector:
/dev/sda1                           59G  9.3G   47G  17% /data

############################ annie - 08/02/23 18:20:29 EST -0500 ############################

Disk Usage Before Git Garbage Collector:
/dev/sda1                           59G  9.4G   47G  17% /data
Working on: /data/ccre-dam-data
Working on: /data/annie-logs
Disk Usage After Git Garbage Collector:
/dev/sda1                           59G  9.4G   47G  17% /data

############################ annie - 08/03/23 00:18:31 EST -0500 ############################

Disk Usage Before Git Garbage Collector:
/dev/sda1                           59G  9.4G   47G  17% /data
Working on: /data/ccre-dam-data

############################ annie - 08/03/23 00:20:11 EST -0500 ############################

Disk Usage Before Git Garbage Collector:
/dev/sda1                           59G   12G   45G  21% /data
Working on: /data/ccre-dam-data
fatal: gc is already running on machine 'annie' pid 1656 (use --force if not)
Working on: /data/annie-logs
Disk Usage After Git Garbage Collector:
/dev/sda1                           59G   12G   45G  21% /data
Working on: /data/annie-logs
Disk Usage After Git Garbage Collector:
/dev/sda1                           59G  9.4G   47G  17% /data

############################ annie - 08/03/23 06:20:29 EST -0500 ############################

Disk Usage Before Git Garbage Collector:
/dev/sda1                           59G  9.4G   47G  17% /data
Working on: /data/ccre-dam-data
Working on: /data/annie-logs
Disk Usage After Git Garbage Collector:
/dev/sda1                           59G  9.4G   47G  17% /data

############################ annie - 08/03/23 12:20:29 EST -0500 ############################

Disk Usage Before Git Garbage Collector:
/dev/sda1                           59G  9.4G   47G  17% /data
Working on: /data/ccre-dam-data
Working on: /data/annie-logs
Disk Usage After Git Garbage Collector:
/dev/sda1                           59G  9.4G   47G  17% /data

############################ annie - 08/03/23 18:20:29 EST -0500 ############################

Disk Usage Before Git Garbage Collector:
/dev/sda1                           59G  9.5G   46G  17% /data
Working on: /data/ccre-dam-data
Working on: /data/annie-logs
Disk Usage After Git Garbage Collector:
/dev/sda1                           59G  9.4G   47G  17% /data

############################ annie - 08/04/23 00:18:32 EST -0500 ############################

Disk Usage Before Git Garbage Collector:
/dev/sda1                           59G  9.5G   46G  17% /data
Working on: /data/ccre-dam-data

############################ annie - 08/04/23 00:20:11 EST -0500 ############################

Disk Usage Before Git Garbage Collector:
/dev/sda1                           59G   12G   45G  21% /data
Working on: /data/ccre-dam-data
fatal: gc is already running on machine 'annie' pid 1629 (use --force if not)
Working on: /data/annie-logs
Disk Usage After Git Garbage Collector:
/dev/sda1                           59G   12G   45G  21% /data
Working on: /data/annie-logs
Disk Usage After Git Garbage Collector:
/dev/sda1                           59G  9.5G   46G  17% /data

############################ annie - 08/04/23 06:20:29 EST -0500 ############################

Disk Usage Before Git Garbage Collector:
/dev/sda1                           59G  9.5G   46G  18% /data
Working on: /data/ccre-dam-data
Working on: /data/annie-logs
Disk Usage After Git Garbage Collector:
/dev/sda1                           59G  9.5G   46G  17% /data

############################ annie - 08/04/23 12:20:30 EST -0500 ############################

Disk Usage Before Git Garbage Collector:
/dev/sda1                           59G  9.5G   46G  18% /data
Working on: /data/ccre-dam-data
Working on: /data/annie-logs
Disk Usage After Git Garbage Collector:
/dev/sda1                           59G  9.5G   46G  18% /data

############################ annie - 08/04/23 18:20:30 EST -0500 ############################

Disk Usage Before Git Garbage Collector:
/dev/sda1                           59G  9.5G   46G  18% /data
Working on: /data/ccre-dam-data
Working on: /data/annie-logs
Disk Usage After Git Garbage Collector:
/dev/sda1                           59G  9.5G   46G  18% /data
