
############################ annie - 06/23/23 12:20:01 EST -0500 ############################

Data:

On branch ccre-dam-data
Your branch is up to date with 'origin/ccre-dam-data'.

nothing to commit, working tree clean
Everything up-to-date

Logs:

[annie-logs 1c7042a] 06/23/23 12:20:01 EST -0500: Logs
 4 files changed, 154 insertions(+)
 create mode 100644 git-push.log
 create mode 100644 reverse-ssh.log
 create mode 100644 startup-notifier.log
 create mode 100644 status-monitor.log
To github.com:FLARE-forecast/CCRE-data.git
   c48a7af..1c7042a  annie-logs -> annie-logs

Completed at 06/23/23 12:20:41 EST


############################ annie - 06/23/23 12:20:42 EST -0500 ############################

Data:

On branch ccre-dam-data
Your branch is up to date with 'origin/ccre-dam-data'.

nothing to commit, working tree clean

############################ annie - 06/23/23 12:20:54 EST -0500 ############################

Data:

On branch ccre-dam-data
Your branch is up to date with 'origin/ccre-dam-data'.

nothing to commit, working tree clean
Everything up-to-date

Logs:

