[main 0732857] 06/23/23 12:19:55 EST -0500 )
 1 file changed, 1 insertion(+), 1 deletion(-)
Current branch main is up to date.
To github.com:FLARE-forecast/CCRE-data.git
   855902e..0732857  main -> main
[main fa27229] 06/27/23 11:07:46 EST -0500 )
 1 file changed, 1 insertion(+), 1 deletion(-)
ssh: Could not resolve hostname github.com: Temporary failure in name resolution
fatal: Could not read from remote repository.

Please make sure you have the correct access rights
and the repository exists.
ssh: Could not resolve hostname github.com: Temporary failure in name resolution
fatal: Could not read from remote repository.

Please make sure you have the correct access rights
and the repository exists.
[main bea1f19] 06/27/23 11:17:57 EST -0500 )
 1 file changed, 1 insertion(+), 1 deletion(-)
Current branch main is up to date.
To github.com:FLARE-forecast/CCRE-data.git
   dd7c629..bea1f19  main -> main
[main 741c02a] 06/27/23 11:37:07 EST -0500 )
 1 file changed, 1 insertion(+), 1 deletion(-)
Current branch main is up to date.
To github.com:FLARE-forecast/CCRE-data.git
   bea1f19..741c02a  main -> main
[main e7100a4] 06/27/23 11:40:48 EST -0500 )
 1 file changed, 1 insertion(+), 1 deletion(-)
Current branch main is up to date.
To github.com:FLARE-forecast/CCRE-data.git
   741c02a..e7100a4  main -> main
[main e797d6b] 06/28/23 00:24:29 EST -0500 )
 1 file changed, 1 insertion(+), 1 deletion(-)
Current branch main is up to date.
To github.com:FLARE-forecast/CCRE-data.git
   e7100a4..e797d6b  main -> main
[main 7cab99b] 06/29/23 00:24:30 EST -0500 )
 1 file changed, 1 insertion(+), 1 deletion(-)
Current branch main is up to date.
To github.com:FLARE-forecast/CCRE-data.git
   e797d6b..7cab99b  main -> main
[main d89aa58] 06/30/23 00:24:30 EST -0500 )
 1 file changed, 1 insertion(+), 1 deletion(-)
Current branch main is up to date.
To github.com:FLARE-forecast/CCRE-data.git
   7cab99b..d89aa58  main -> main
[main 59622c3] 07/01/23 00:24:31 EST -0500 )
 1 file changed, 1 insertion(+), 1 deletion(-)
Current branch main is up to date.
To github.com:FLARE-forecast/CCRE-data.git
   d89aa58..59622c3  main -> main
[main d000eb1] 07/02/23 00:24:30 EST -0500 )
 1 file changed, 1 insertion(+), 1 deletion(-)
Current branch main is up to date.
To github.com:FLARE-forecast/CCRE-data.git
   59622c3..d000eb1  main -> main
[main f5a8d57] 07/03/23 00:24:32 EST -0500 )
 1 file changed, 1 insertion(+), 1 deletion(-)
Current branch main is up to date.
To github.com:FLARE-forecast/CCRE-data.git
   d000eb1..f5a8d57  main -> main
[main 90bb227] 07/04/23 00:24:32 EST -0500 )
 1 file changed, 1 insertion(+), 1 deletion(-)
Current branch main is up to date.
To github.com:FLARE-forecast/CCRE-data.git
   f5a8d57..90bb227  main -> main
[main 2b651ad] 07/05/23 00:24:33 EST -0500 )
 1 file changed, 1 insertion(+), 1 deletion(-)
Current branch main is up to date.
To github.com:FLARE-forecast/CCRE-data.git
   90bb227..2b651ad  main -> main
[main 8d28f14] 07/06/23 00:24:33 EST -0500 )
 1 file changed, 1 insertion(+), 1 deletion(-)
Current branch main is up to date.
To github.com:FLARE-forecast/CCRE-data.git
   2b651ad..8d28f14  main -> main
[main 5ffb09c] 07/07/23 00:24:35 EST -0500 )
 1 file changed, 1 insertion(+), 1 deletion(-)
Current branch main is up to date.
To github.com:FLARE-forecast/CCRE-data.git
   8d28f14..5ffb09c  main -> main
[main 9cdbdfc] 07/08/23 00:24:35 EST -0500 )
 1 file changed, 1 insertion(+), 1 deletion(-)
Current branch main is up to date.
To github.com:FLARE-forecast/CCRE-data.git
   5ffb09c..9cdbdfc  main -> main
[main 3deb65b] 07/09/23 00:24:35 EST -0500 )
 1 file changed, 1 insertion(+), 1 deletion(-)
Current branch main is up to date.
To github.com:FLARE-forecast/CCRE-data.git
   9cdbdfc..3deb65b  main -> main
[main 41d8ba3] 07/10/23 00:24:36 EST -0500 )
 1 file changed, 1 insertion(+), 1 deletion(-)
Current branch main is up to date.
To github.com:FLARE-forecast/CCRE-data.git
   3deb65b..41d8ba3  main -> main
[main 35b0d3c] 07/11/23 00:24:36 EST -0500 )
 1 file changed, 1 insertion(+), 1 deletion(-)
Current branch main is up to date.
To github.com:FLARE-forecast/CCRE-data.git
   41d8ba3..35b0d3c  main -> main
[main 3c44c52] 07/12/23 00:24:36 EST -0500 )
 1 file changed, 1 insertion(+), 1 deletion(-)
Current branch main is up to date.
To github.com:FLARE-forecast/CCRE-data.git
   35b0d3c..3c44c52  main -> main
[main 9c4269e] 07/13/23 00:24:37 EST -0500 )
 1 file changed, 1 insertion(+), 1 deletion(-)
Current branch main is up to date.
To github.com:FLARE-forecast/CCRE-data.git
   3c44c52..9c4269e  main -> main
[main dcca856] 07/14/23 00:24:38 EST -0500 )
 1 file changed, 1 insertion(+), 1 deletion(-)
Current branch main is up to date.
To github.com:FLARE-forecast/CCRE-data.git
   9c4269e..dcca856  main -> main
[main fd52a7b] 07/15/23 00:24:38 EST -0500 )
 1 file changed, 1 insertion(+), 1 deletion(-)
Current branch main is up to date.
To github.com:FLARE-forecast/CCRE-data.git
   dcca856..fd52a7b  main -> main
