
############################ annie - 06/23/23 12:19:01 EST -0500 ############################

 12:19:01 up 0 min,  0 users,  load average: 0.30, 0.07, 0.02


reboot   system boot  5.15.0-75-generi Fri Jun 23 12:18   still running
reboot   system boot  5.15.0-73-generi Fri Jun 23 11:51 - 12:18  (00:26)
reboot   system boot  5.15.0-73-generi Thu Jun 15 11:42 - 12:03  (00:21)
reboot   system boot  5.15.0-73-generi Tue Jun 13 16:59 - 18:01  (01:02)









[   13.899707] bridge: filtering via arp/ip/ip6tables is no longer available by default. Update your scripts to load br_netfilter if you need this.
[   13.904612] Bridge firewalling registered
[   14.116773] Initializing XFRM netlink socket
[   16.012735] systemd-journald[23]: Received client request to flush runtime journal.
[   16.032274] systemd-journald[23]: File /var/log/journal/a390ab7b5da041789c7c8333c3ddc3b9/system.journal corrupted or uncleanly shut down, renaming and replacing.
[   16.780827] device ovs-system entered promiscuous mode
[   16.786032] Timeout policy base is empty
[   16.786043] Failed to associated timeout policy `ovs_test_tp'
[   16.858773] device eviCIBR6 entered promiscuous mode
[   16.886279] device appCIBR6 entered promiscuous mode


Filesystem                         Size  Used Avail Use% Mounted on
/dev/mmcblk0p2                     2.0G  253M  1.6G  14% /boot
/dev/mmcblk0p1                     1.1G  6.1M  1.1G   1% /boot/efi
/dev/sda1                           59G  460M   55G   1% /data




enp1s0:
192.168.1.16/24


enp2s0


PING github.com (140.82.114.3) 56(84) bytes of data.
64 bytes from lb-140-82-114-3-iad.github.com (140.82.114.3): icmp_seq=1 ttl=53 time=25.9 ms
64 bytes from lb-140-82-114-3-iad.github.com (140.82.114.3): icmp_seq=2 ttl=53 time=25.8 ms
64 bytes from lb-140-82-114-3-iad.github.com (140.82.114.3): icmp_seq=3 ttl=53 time=25.7 ms

--- github.com ping statistics ---
3 packets transmitted, 3 received, 0% packet loss, time 2004ms
rtt min/avg/max/mdev = 25.720/25.825/25.941/0.090 ms


PING 8.8.8.8 (8.8.8.8) 56(84) bytes of data.
64 bytes from 8.8.8.8: icmp_seq=1 ttl=119 time=9.96 ms
64 bytes from 8.8.8.8: icmp_seq=2 ttl=119 time=9.76 ms
64 bytes from 8.8.8.8: icmp_seq=3 ttl=119 time=9.48 ms

--- 8.8.8.8 ping statistics ---
3 packets transmitted, 3 received, 0% packet loss, time 2020ms
rtt min/avg/max/mdev = 9.475/9.732/9.964/0.200 ms

############################ annie - 06/23/23 12:19:54 EST -0500 ############################

 12:19:54 up 1 min,  0 users,  load average: 0.12, 0.05, 0.02


reboot   system boot  5.15.0-75-generi Fri Jun 23 12:18   still running
reboot   system boot  5.15.0-73-generi Fri Jun 23 11:51 - 12:18  (00:26)
reboot   system boot  5.15.0-73-generi Thu Jun 15 11:42 - 12:03  (00:21)
reboot   system boot  5.15.0-73-generi Tue Jun 13 16:59 - 18:01  (01:02)









[   14.116773] Initializing XFRM netlink socket
[   16.012735] systemd-journald[23]: Received client request to flush runtime journal.
[   16.032274] systemd-journald[23]: File /var/log/journal/a390ab7b5da041789c7c8333c3ddc3b9/system.journal corrupted or uncleanly shut down, renaming and replacing.
[   16.780827] device ovs-system entered promiscuous mode
[   16.786032] Timeout policy base is empty
[   16.786043] Failed to associated timeout policy `ovs_test_tp'
[   16.858773] device eviCIBR6 entered promiscuous mode
[   16.886279] device appCIBR6 entered promiscuous mode
[   35.839819] device CIBR6a110001fff entered promiscuous mode
[   35.919161] device CIBR6a110007fff entered promiscuous mode


Filesystem                         Size  Used Avail Use% Mounted on
/dev/mmcblk0p2                     2.0G  253M  1.6G  14% /boot
/dev/mmcblk0p1                     1.1G  6.1M  1.1G   1% /boot/efi
/dev/sda1                           59G  460M   55G   1% /data




enp1s0:
192.168.1.16/24


enp2s0


PING github.com (140.82.114.3) 56(84) bytes of data.
64 bytes from lb-140-82-114-3-iad.github.com (140.82.114.3): icmp_seq=1 ttl=53 time=26.1 ms
64 bytes from lb-140-82-114-3-iad.github.com (140.82.114.3): icmp_seq=2 ttl=53 time=25.9 ms
64 bytes from lb-140-82-114-3-iad.github.com (140.82.114.3): icmp_seq=3 ttl=53 time=25.9 ms

--- github.com ping statistics ---
3 packets transmitted, 3 received, 0% packet loss, time 2003ms
rtt min/avg/max/mdev = 25.865/25.937/26.068/0.092 ms


PING 8.8.8.8 (8.8.8.8) 56(84) bytes of data.
64 bytes from 8.8.8.8: icmp_seq=1 ttl=119 time=9.96 ms
64 bytes from 8.8.8.8: icmp_seq=2 ttl=119 time=9.77 ms
64 bytes from 8.8.8.8: icmp_seq=3 ttl=119 time=9.82 ms

--- 8.8.8.8 ping statistics ---
3 packets transmitted, 3 received, 0% packet loss, time 2003ms
rtt min/avg/max/mdev = 9.774/9.848/9.956/0.077 ms

############################ annie - 06/27/23 11:07:46 EST -0500 ############################

 11:07:46 up 1 min,  0 users,  load average: 0.20, 0.09, 0.03


reboot   system boot  5.15.0-75-generi Tue Jun 27 11:06   still running
reboot   system boot  5.15.0-75-generi Mon Jun 26 20:33 - 20:40  (00:06)
reboot   system boot  5.15.0-75-generi Fri Jun 23 15:46 - 15:49  (00:02)
reboot   system boot  5.15.0-75-generi Fri Jun 23 12:18 - 12:21  (00:03)
reboot   system boot  5.15.0-73-generi Fri Jun 23 11:51 - 12:18  (00:26)








[   14.647092] bridge: filtering via arp/ip/ip6tables is no longer available by default. Update your scripts to load br_netfilter if you need this.
[   14.652086] Bridge firewalling registered
[   14.868135] Initializing XFRM netlink socket
[   16.714546] systemd-journald[23]: Received client request to flush runtime journal.
[   16.729404] systemd-journald[23]: File /var/log/journal/a390ab7b5da041789c7c8333c3ddc3b9/system.journal corrupted or uncleanly shut down, renaming and replacing.
[   17.505654] device ovs-system entered promiscuous mode
[   17.510025] Timeout policy base is empty
[   17.510037] Failed to associated timeout policy `ovs_test_tp'
[   17.579788] device eviCIBR6 entered promiscuous mode
[   17.606800] device appCIBR6 entered promiscuous mode


Filesystem                         Size  Used Avail Use% Mounted on
/dev/mmcblk0p2                     2.0G  253M  1.6G  14% /boot
/dev/mmcblk0p1                     1.1G  6.1M  1.1G   1% /boot/efi
/dev/sda1                           59G   11G   46G  19% /data






enp2s0:


ping: github.com: Temporary failure in name resolution


ping: connect: Network is unreachable

############################ annie - 06/27/23 11:17:57 EST -0500 ############################

 11:17:57 up 1 min,  1 user,  load average: 0.18, 0.08, 0.03


reboot   system boot  5.15.0-75-generi Tue Jun 27 11:16   still running
reboot   system boot  5.15.0-75-generi Tue Jun 27 11:06 - 11:16  (00:09)
reboot   system boot  5.15.0-75-generi Mon Jun 26 20:33 - 20:40  (00:06)
reboot   system boot  5.15.0-75-generi Fri Jun 23 15:46 - 15:49  (00:02)
reboot   system boot  5.15.0-75-generi Fri Jun 23 12:18 - 12:21  (00:03)




Bus 001 Device 002: ID 1410:9030 Novatel Wireless MiFi USB730L


[    2.968622] rndis_host 1-6:1.0 enx0015ff025968: renamed from eth0


[   14.977004] Initializing XFRM netlink socket
[   16.930291] systemd-journald[23]: Received client request to flush runtime journal.
[   16.944995] systemd-journald[23]: File /var/log/journal/a390ab7b5da041789c7c8333c3ddc3b9/system.journal corrupted or uncleanly shut down, renaming and replacing.
[   17.978236] device ovs-system entered promiscuous mode
[   17.980252] Timeout policy base is empty
[   17.980261] Failed to associated timeout policy `ovs_test_tp'
[   18.048682] device eviCIBR6 entered promiscuous mode
[   18.079729] device appCIBR6 entered promiscuous mode
[   21.358342] device CIBR6a110001fff entered promiscuous mode
[   21.448975] device CIBR6a110007fff entered promiscuous mode


Filesystem                         Size  Used Avail Use% Mounted on
/dev/mmcblk0p2                     2.0G  253M  1.6G  14% /boot
/dev/mmcblk0p1                     1.1G  6.1M  1.1G   1% /boot/efi
/dev/sda1                           59G   11G   46G  19% /data


enx0015ff025968:
100.108.210.176/27




enp2s0:


PING github.com (140.82.114.4) 56(84) bytes of data.
64 bytes from lb-140-82-114-4-iad.github.com (140.82.114.4): icmp_seq=1 ttl=50 time=42.1 ms
64 bytes from lb-140-82-114-4-iad.github.com (140.82.114.4): icmp_seq=2 ttl=50 time=24.9 ms
64 bytes from lb-140-82-114-4-iad.github.com (140.82.114.4): icmp_seq=3 ttl=50 time=48.2 ms

--- github.com ping statistics ---
3 packets transmitted, 3 received, 0% packet loss, time 2001ms
rtt min/avg/max/mdev = 24.944/38.392/48.173/9.831 ms


PING 8.8.8.8 (8.8.8.8) 56(84) bytes of data.
64 bytes from 8.8.8.8: icmp_seq=1 ttl=113 time=28.1 ms
64 bytes from 8.8.8.8: icmp_seq=2 ttl=113 time=46.0 ms
64 bytes from 8.8.8.8: icmp_seq=3 ttl=113 time=46.6 ms

--- 8.8.8.8 ping statistics ---
3 packets transmitted, 3 received, 0% packet loss, time 2003ms
rtt min/avg/max/mdev = 28.129/40.240/46.589/8.567 ms

############################ annie - 06/27/23 11:37:07 EST -0500 ############################

 11:37:07 up 1 min,  1 user,  load average: 0.25, 0.10, 0.03


reboot   system boot  5.15.0-75-generi Tue Jun 27 11:36   still running
reboot   system boot  5.15.0-75-generi Tue Jun 27 11:16 - 11:35  (00:18)
reboot   system boot  5.15.0-75-generi Tue Jun 27 11:06 - 11:16  (00:09)
reboot   system boot  5.15.0-75-generi Mon Jun 26 20:33 - 20:40  (00:06)
reboot   system boot  5.15.0-75-generi Fri Jun 23 15:46 - 15:49  (00:02)




Bus 001 Device 002: ID 1410:9030 Novatel Wireless MiFi USB730L


[    2.984731] rndis_host 1-6:1.0 enx0015ff025968: renamed from eth0


[   14.808950] IPv6: ADDRCONF(NETDEV_CHANGE): eno1: link becomes ready
[   14.885922] Initializing XFRM netlink socket
[   16.814311] systemd-journald[23]: Received client request to flush runtime journal.
[   16.828924] systemd-journald[23]: File /var/log/journal/a390ab7b5da041789c7c8333c3ddc3b9/system.journal corrupted or uncleanly shut down, renaming and replacing.
[   17.658452] device ovs-system entered promiscuous mode
[   17.660926] Timeout policy base is empty
[   17.660936] Failed to associated timeout policy `ovs_test_tp'
[   17.736320] device eviCIBR6 entered promiscuous mode
[   17.763759] device appCIBR6 entered promiscuous mode
[   20.839375] device CIBR6a110001fff entered promiscuous mode


Filesystem                         Size  Used Avail Use% Mounted on
/dev/mmcblk0p2                     2.0G  253M  1.6G  14% /boot
/dev/mmcblk0p1                     1.1G  6.1M  1.1G   1% /boot/efi
/dev/sda1                           59G  7.3G   49G  14% /data


enx0015ff025968:
100.108.210.176/27




enp2s0:


PING github.com (140.82.114.4) 56(84) bytes of data.
64 bytes from lb-140-82-114-4-iad.github.com (140.82.114.4): icmp_seq=1 ttl=50 time=69.5 ms
64 bytes from lb-140-82-114-4-iad.github.com (140.82.114.4): icmp_seq=2 ttl=50 time=29.7 ms
64 bytes from lb-140-82-114-4-iad.github.com (140.82.114.4): icmp_seq=3 ttl=50 time=47.9 ms

--- github.com ping statistics ---
3 packets transmitted, 3 received, 0% packet loss, time 2004ms
rtt min/avg/max/mdev = 29.696/49.016/69.492/16.267 ms


PING 8.8.8.8 (8.8.8.8) 56(84) bytes of data.
64 bytes from 8.8.8.8: icmp_seq=1 ttl=113 time=30.0 ms
64 bytes from 8.8.8.8: icmp_seq=2 ttl=113 time=47.9 ms
64 bytes from 8.8.8.8: icmp_seq=3 ttl=113 time=32.9 ms

--- 8.8.8.8 ping statistics ---
3 packets transmitted, 3 received, 0% packet loss, time 2001ms
rtt min/avg/max/mdev = 29.950/36.905/47.857/7.837 ms

############################ annie - 06/27/23 11:40:48 EST -0500 ############################

 11:40:48 up 1 min,  0 users,  load average: 0.25, 0.11, 0.04


reboot   system boot  5.15.0-75-generi Tue Jun 27 11:39   still running
reboot   system boot  5.15.0-75-generi Tue Jun 27 11:36 - 11:38  (00:02)
reboot   system boot  5.15.0-75-generi Tue Jun 27 11:16 - 11:35  (00:18)
reboot   system boot  5.15.0-75-generi Tue Jun 27 11:06 - 11:16  (00:09)
reboot   system boot  5.15.0-75-generi Mon Jun 26 20:33 - 20:40  (00:06)




Bus 001 Device 002: ID 1410:9030 Novatel Wireless MiFi USB730L


[    2.974711] rndis_host 1-6:1.0 enx0015ff025968: renamed from eth0


[   15.482054] Bridge firewalling registered
[   15.697703] Initializing XFRM netlink socket
[   17.513585] systemd-journald[23]: Received client request to flush runtime journal.
[   17.527531] systemd-journald[23]: File /var/log/journal/a390ab7b5da041789c7c8333c3ddc3b9/system.journal corrupted or uncleanly shut down, renaming and replacing.
[   18.275230] device ovs-system entered promiscuous mode
[   18.278351] Timeout policy base is empty
[   18.278362] Failed to associated timeout policy `ovs_test_tp'
[   18.352856] device eviCIBR6 entered promiscuous mode
[   18.378787] device appCIBR6 entered promiscuous mode
[   21.337972] device CIBR6a110001fff entered promiscuous mode


Filesystem                         Size  Used Avail Use% Mounted on
/dev/mmcblk0p2                     2.0G  253M  1.6G  14% /boot
/dev/mmcblk0p1                     1.1G  6.1M  1.1G   1% /boot/efi
/dev/sda1                           59G  9.5G   46G  18% /data


enx0015ff025968:
100.108.210.176/27




enp2s0:


PING github.com (140.82.112.3) 56(84) bytes of data.
64 bytes from lb-140-82-112-3-iad.github.com (140.82.112.3): icmp_seq=1 ttl=50 time=50.0 ms
64 bytes from lb-140-82-112-3-iad.github.com (140.82.112.3): icmp_seq=2 ttl=50 time=43.1 ms
64 bytes from lb-140-82-112-3-iad.github.com (140.82.112.3): icmp_seq=3 ttl=50 time=38.9 ms

--- github.com ping statistics ---
3 packets transmitted, 3 received, 0% packet loss, time 2003ms
rtt min/avg/max/mdev = 38.938/44.024/50.007/4.563 ms


PING 8.8.8.8 (8.8.8.8) 56(84) bytes of data.
64 bytes from 8.8.8.8: icmp_seq=1 ttl=113 time=29.7 ms
64 bytes from 8.8.8.8: icmp_seq=2 ttl=113 time=44.1 ms
64 bytes from 8.8.8.8: icmp_seq=3 ttl=113 time=46.4 ms

--- 8.8.8.8 ping statistics ---
3 packets transmitted, 3 received, 0% packet loss, time 2004ms
rtt min/avg/max/mdev = 29.725/40.077/46.440/7.384 ms
